-------------------------------------------------------------------------------
Test set: com.upgrad.quora.api.controller.AnswerControllerTest
-------------------------------------------------------------------------------
Tests run: 14, Failures: 1, Errors: 1, Skipped: 0, Time elapsed: 1.066 s <<< FAILURE! - in com.upgrad.quora.api.controller.AnswerControllerTest
editAnswerWithoutOwnership(com.upgrad.quora.api.controller.AnswerControllerTest)  Time elapsed: 0.561 s  <<< FAILURE!
java.lang.AssertionError: Status expected:<403> but was:<200>
	at com.upgrad.quora.api.controller.AnswerControllerTest.editAnswerWithoutOwnership(AnswerControllerTest.java:79)

editAnswerWithSignedOutUser(com.upgrad.quora.api.controller.AnswerControllerTest)  Time elapsed: 0.338 s  <<< ERROR!
org.springframework.web.util.NestedServletException: Request processing failed; nested exception is org.springframework.dao.IncorrectResultSizeDataAccessException: query did not return a unique result: 2; nested exception is javax.persistence.NonUniqueResultException: query did not return a unique result: 2
	at com.upgrad.quora.api.controller.AnswerControllerTest.editAnswerWithSignedOutUser(AnswerControllerTest.java:62)
Caused by: org.springframework.dao.IncorrectResultSizeDataAccessException: query did not return a unique result: 2; nested exception is javax.persistence.NonUniqueResultException: query did not return a unique result: 2
	at com.upgrad.quora.api.controller.AnswerControllerTest.editAnswerWithSignedOutUser(AnswerControllerTest.java:62)
Caused by: javax.persistence.NonUniqueResultException: query did not return a unique result: 2
	at com.upgrad.quora.api.controller.AnswerControllerTest.editAnswerWithSignedOutUser(AnswerControllerTest.java:62)

