<?xml version="1.0" encoding="UTF-8"?>
<testsuite xmlns:xsi="http://www.w3.org/2001/XMLSchema-instance" xsi:noNamespaceSchemaLocation="https://maven.apache.org/surefire/maven-surefire-plugin/xsd/surefire-test-report.xsd" name="com.upgrad.quora.api.controller.AnswerControllerTest" time="1.066" tests="14" errors="1" skipped="0" failures="1">
  <properties>
[...]
</properties>
  <testcase name="deleteAnswerWithNonExistingAccessToken" classname="com.upgrad.quora.api.controller.AnswerControllerTest" time="0"/>
  <testcase name="getAllAnswersToNonExistingQuestion" classname="com.upgrad.quora.api.controller.AnswerControllerTest" time="0"/>
  <testcase name="getAllAnswersToQuestionWithSignedOutUser" classname="com.upgrad.quora.api.controller.AnswerControllerTest" time="0"/>
  <testcase name="editAnswerWithNonExistingAccessToken" classname="com.upgrad.quora.api.controller.AnswerControllerTest" time="0"/>
  <testcase name="deleteAnswerWithSignedOutUser" classname="com.upgrad.quora.api.controller.AnswerControllerTest" time="0"/>
  <testcase name="createAnswerForNonExistingQuestion" classname="com.upgrad.quora.api.controller.AnswerControllerTest" time="0"/>
  <testcase name="deleteAnswerWithoutOwnership" classname="com.upgrad.quora.api.controller.AnswerControllerTest" time="0"/>
  <testcase name="deleteNonExistingAnswer" classname="com.upgrad.quora.api.controller.AnswerControllerTest" time="0.001"/>
  <testcase name="getAllAnswersToQuestionWithNonExistingAccessToken" classname="com.upgrad.quora.api.controller.AnswerControllerTest" time="0.016"/>
  <testcase name="editAnswerWithoutOwnership" classname="com.upgrad.quora.api.controller.AnswerControllerTest" time="0.561">
    <failure message="Status expected:&lt;403&gt; but was:&lt;200&gt;" type="java.lang.AssertionError"><![CDATA[java.lang.AssertionError: Status expected:<403> but was:<200>
	at com.upgrad.quora.api.controller.AnswerControllerTest.editAnswerWithoutOwnership(AnswerControllerTest.java:79)
]]></failure>
    <system-out><![CDATA[
MockHttpServletRequest:
      HTTP Method = DELETE
      Request URI = /admin/user/database_uuid4
       Parameters = {}
          Headers = {authorization=[database_accesstoken1]}
             Body = null
    Session Attrs = {}

Handler:
             Type = com.upgrad.quora.api.controller.AdminController
           Method = public org.springframework.http.ResponseEntity<com.upgrad.quora.api.model.UserDeleteResponse> com.upgrad.quora.api.controller.AdminController.userDelete(java.lang.String,java.lang.String) throws com.upgrad.quora.service.exception.AuthorizationFailedException,com.upgrad.quora.service.exception.UserNotFoundException

Async:
    Async started = false
     Async result = null

Resolved Exception:
             Type = com.upgrad.quora.service.exception.AuthorizationFailedException

ModelAndView:
        View name = null
             View = null
            Model = null

FlashMap:
       Attributes = null

MockHttpServletResponse:
           Status = 403
    Error message = null
          Headers = {Content-Type=[application/json;charset=UTF-8]}
     Content type = application/json;charset=UTF-8
             Body = {"code":"ATHR-003","message":"Unauthorized Access, Entered user is not an admin","root_cause":null}
    Forwarded URL = null
   Redirected URL = null
          Cookies = []

MockHttpServletRequest:
      HTTP Method = DELETE
      Request URI = /admin/user/database_uuid4
       Parameters = {}
          Headers = {authorization=[non_existing_access_token]}
             Body = null
    Session Attrs = {}

Handler:
             Type = com.upgrad.quora.api.controller.AdminController
           Method = public org.springframework.http.ResponseEntity<com.upgrad.quora.api.model.UserDeleteResponse> com.upgrad.quora.api.controller.AdminController.userDelete(java.lang.String,java.lang.String) throws com.upgrad.quora.service.exception.AuthorizationFailedException,com.upgrad.quora.service.exception.UserNotFoundException

Async:
    Async started = false
     Async result = null

Resolved Exception:
             Type = com.upgrad.quora.service.exception.AuthorizationFailedException

ModelAndView:
        View name = null
             View = null
            Model = null

FlashMap:
       Attributes = null

MockHttpServletResponse:
           Status = 403
    Error message = null
          Headers = {Content-Type=[application/json;charset=UTF-8]}
     Content type = application/json;charset=UTF-8
             Body = {"code":"ATHR-001","message":"User has not signed in","root_cause":null}
    Forwarded URL = null
   Redirected URL = null
          Cookies = []

MockHttpServletRequest:
      HTTP Method = DELETE
      Request URI = /admin/user/non_existing_user_uuid
       Parameters = {}
          Headers = {authorization=[database_accesstoken]}
             Body = null
    Session Attrs = {}

Handler:
             Type = com.upgrad.quora.api.controller.AdminController
           Method = public org.springframework.http.ResponseEntity<com.upgrad.quora.api.model.UserDeleteResponse> com.upgrad.quora.api.controller.AdminController.userDelete(java.lang.String,java.lang.String) throws com.upgrad.quora.service.exception.AuthorizationFailedException,com.upgrad.quora.service.exception.UserNotFoundException

Async:
    Async started = false
     Async result = null

Resolved Exception:
             Type = com.upgrad.quora.service.exception.UserNotFoundException

ModelAndView:
        View name = null
             View = null
            Model = null

FlashMap:
       Attributes = null

MockHttpServletResponse:
           Status = 404
    Error message = null
          Headers = {Content-Type=[application/json;charset=UTF-8]}
     Content type = application/json;charset=UTF-8
             Body = {"code":"USR-001","message":"User with entered uuid to be deleted does not exist","root_cause":null}
    Forwarded URL = null
   Redirected URL = null
          Cookies = []

MockHttpServletRequest:
      HTTP Method = DELETE
      Request URI = /answer/delete/database_answer_uuid
       Parameters = {}
          Headers = {authorization=[non_existing_access_token]}
             Body = null
    Session Attrs = {}

Handler:
             Type = com.upgrad.quora.api.controller.AnswerController
           Method = public org.springframework.http.ResponseEntity<com.upgrad.quora.api.model.AnswerResponse> com.upgrad.quora.api.controller.AnswerController.deleteAnswer(java.lang.String,java.lang.String) throws com.upgrad.quora.service.exception.AuthorizationFailedException,com.upgrad.quora.service.exception.AnswerNotFoundException

Async:
    Async started = false
     Async result = null

Resolved Exception:
             Type = com.upgrad.quora.service.exception.AuthorizationFailedException

ModelAndView:
        View name = null
             View = null
            Model = null

FlashMap:
       Attributes = null

MockHttpServletResponse:
           Status = 403
    Error message = null
          Headers = {Content-Type=[application/json;charset=UTF-8]}
     Content type = application/json;charset=UTF-8
             Body = {"code":"ATHR-001","message":"User has not signed in","root_cause":null}
    Forwarded URL = null
   Redirected URL = null
          Cookies = []

MockHttpServletRequest:
      HTTP Method = GET
      Request URI = /answer/all/non_existing_question_uuid
       Parameters = {}
          Headers = {authorization=[database_accesstoken]}
             Body = null
    Session Attrs = {}

Handler:
             Type = com.upgrad.quora.api.controller.AnswerController
           Method = public org.springframework.http.ResponseEntity<java.util.List<com.upgrad.quora.api.model.AnswerDetailsResponse>> com.upgrad.quora.api.controller.AnswerController.getAllAnswersToQuestion(java.lang.String,java.lang.String) throws com.upgrad.quora.service.exception.AuthorizationFailedException,com.upgrad.quora.service.exception.InvalidQuestionException

Async:
    Async started = false
     Async result = null

Resolved Exception:
             Type = com.upgrad.quora.service.exception.InvalidQuestionException

ModelAndView:
        View name = null
             View = null
            Model = null

FlashMap:
       Attributes = null

MockHttpServletResponse:
           Status = 404
    Error message = null
          Headers = {Content-Type=[application/json;charset=UTF-8]}
     Content type = application/json;charset=UTF-8
             Body = {"code":"QUES-001","message":"The question with entered uuid whose details are to be seen does not exist","root_cause":null}
    Forwarded URL = null
   Redirected URL = null
          Cookies = []

MockHttpServletRequest:
      HTTP Method = GET
      Request URI = /answer/all/database_question_uuid
       Parameters = {}
          Headers = {authorization=[database_accesstoken3]}
             Body = null
    Session Attrs = {}

Handler:
             Type = com.upgrad.quora.api.controller.AnswerController
           Method = public org.springframework.http.ResponseEntity<java.util.List<com.upgrad.quora.api.model.AnswerDetailsResponse>> com.upgrad.quora.api.controller.AnswerController.getAllAnswersToQuestion(java.lang.String,java.lang.String) throws com.upgrad.quora.service.exception.AuthorizationFailedException,com.upgrad.quora.service.exception.InvalidQuestionException

Async:
    Async started = false
     Async result = null

Resolved Exception:
             Type = com.upgrad.quora.service.exception.AuthorizationFailedException

ModelAndView:
        View name = null
             View = null
            Model = null

FlashMap:
       Attributes = null

MockHttpServletResponse:
           Status = 403
    Error message = null
          Headers = {Content-Type=[application/json;charset=UTF-8]}
     Content type = application/json;charset=UTF-8
             Body = {"code":"ATHR-002","message":"User is signed out.Sign in first to delete an answer","root_cause":null}
    Forwarded URL = null
   Redirected URL = null
          Cookies = []

MockHttpServletRequest:
      HTTP Method = PUT
      Request URI = /answer/edit/database_answer_uuid
       Parameters = {content=[edited_answer]}
          Headers = {Content-Type=[application/json;charset=UTF-8], authorization=[non_existing_access_token]}
             Body = null
    Session Attrs = {}

Handler:
             Type = com.upgrad.quora.api.controller.AnswerController
           Method = public org.springframework.http.ResponseEntity<com.upgrad.quora.api.model.AnswerResponse> com.upgrad.quora.api.controller.AnswerController.editAnswerContent(java.lang.String,java.lang.String,com.upgrad.quora.api.model.AnswerEditRequest) throws com.upgrad.quora.service.exception.AuthorizationFailedException,com.upgrad.quora.service.exception.AnswerNotFoundException

Async:
    Async started = false
     Async result = null

Resolved Exception:
             Type = com.upgrad.quora.service.exception.AuthorizationFailedException

ModelAndView:
        View name = null
             View = null
            Model = null

FlashMap:
       Attributes = null

MockHttpServletResponse:
           Status = 403
    Error message = null
          Headers = {Content-Type=[application/json;charset=UTF-8]}
     Content type = application/json;charset=UTF-8
             Body = {"code":"ATHR-001","message":"User has not signed in","root_cause":null}
    Forwarded URL = null
   Redirected URL = null
          Cookies = []

MockHttpServletRequest:
      HTTP Method = DELETE
      Request URI = /answer/delete/database_answer_uuid
       Parameters = {}
          Headers = {authorization=[database_accesstoken3]}
             Body = null
    Session Attrs = {}

Handler:
             Type = com.upgrad.quora.api.controller.AnswerController
           Method = public org.springframework.http.ResponseEntity<com.upgrad.quora.api.model.AnswerResponse> com.upgrad.quora.api.controller.AnswerController.deleteAnswer(java.lang.String,java.lang.String) throws com.upgrad.quora.service.exception.AuthorizationFailedException,com.upgrad.quora.service.exception.AnswerNotFoundException

Async:
    Async started = false
     Async result = null

Resolved Exception:
             Type = com.upgrad.quora.service.exception.AuthorizationFailedException

ModelAndView:
        View name = null
             View = null
            Model = null

FlashMap:
       Attributes = null

MockHttpServletResponse:
           Status = 403
    Error message = null
          Headers = {Content-Type=[application/json;charset=UTF-8]}
     Content type = application/json;charset=UTF-8
             Body = {"code":"ATHR-002","message":"User is signed out.Sign in first to delete an answer","root_cause":null}
    Forwarded URL = null
   Redirected URL = null
          Cookies = []

MockHttpServletRequest:
      HTTP Method = POST
      Request URI = /question/non_existing_question_uuid/answer/create
       Parameters = {answer=[my_answer]}
          Headers = {Content-Type=[application/json;charset=UTF-8], authorization=[database_accesstoken]}
             Body = null
    Session Attrs = {}

Handler:
             Type = com.upgrad.quora.api.controller.AnswerController
           Method = public org.springframework.http.ResponseEntity<com.upgrad.quora.api.model.AnswerResponse> com.upgrad.quora.api.controller.AnswerController.createAnswer(java.lang.String,java.lang.String,com.upgrad.quora.api.model.AnswerRequest) throws com.upgrad.quora.service.exception.AuthorizationFailedException,com.upgrad.quora.service.exception.InvalidQuestionException

Async:
    Async started = false
     Async result = null

Resolved Exception:
             Type = com.upgrad.quora.service.exception.InvalidQuestionException

ModelAndView:
        View name = null
             View = null
            Model = null

FlashMap:
       Attributes = null

MockHttpServletResponse:
           Status = 404
    Error message = null
          Headers = {Content-Type=[application/json;charset=UTF-8]}
     Content type = application/json;charset=UTF-8
             Body = {"code":"QUES-001","message":"The question entered is invalid","root_cause":null}
    Forwarded URL = null
   Redirected URL = null
          Cookies = []

MockHttpServletRequest:
      HTTP Method = DELETE
      Request URI = /answer/delete/database_answer_uuid
       Parameters = {}
          Headers = {authorization=[database_accesstoken2]}
             Body = null
    Session Attrs = {}

Handler:
             Type = com.upgrad.quora.api.controller.AnswerController
           Method = public org.springframework.http.ResponseEntity<com.upgrad.quora.api.model.AnswerResponse> com.upgrad.quora.api.controller.AnswerController.deleteAnswer(java.lang.String,java.lang.String) throws com.upgrad.quora.service.exception.AuthorizationFailedException,com.upgrad.quora.service.exception.AnswerNotFoundException

Async:
    Async started = false
     Async result = null

Resolved Exception:
             Type = com.upgrad.quora.service.exception.AuthorizationFailedException

ModelAndView:
        View name = null
             View = null
            Model = null

FlashMap:
       Attributes = null

MockHttpServletResponse:
           Status = 403
    Error message = null
          Headers = {Content-Type=[application/json;charset=UTF-8]}
     Content type = application/json;charset=UTF-8
             Body = {"code":"ATHR-003","message":"Only the answer owner or admin can delete the answer","root_cause":null}
    Forwarded URL = null
   Redirected URL = null
          Cookies = []

MockHttpServletRequest:
      HTTP Method = DELETE
      Request URI = /answer/delete/non_existing_answer_uuid
       Parameters = {}
          Headers = {authorization=[database_accesstoken1]}
             Body = null
    Session Attrs = {}

Handler:
             Type = com.upgrad.quora.api.controller.AnswerController
           Method = public org.springframework.http.ResponseEntity<com.upgrad.quora.api.model.AnswerResponse> com.upgrad.quora.api.controller.AnswerController.deleteAnswer(java.lang.String,java.lang.String) throws com.upgrad.quora.service.exception.AuthorizationFailedException,com.upgrad.quora.service.exception.AnswerNotFoundException

Async:
    Async started = false
     Async result = null

Resolved Exception:
             Type = com.upgrad.quora.service.exception.AnswerNotFoundException

ModelAndView:
        View name = null
             View = null
            Model = null

FlashMap:
       Attributes = null

MockHttpServletResponse:
           Status = 404
    Error message = null
          Headers = {Content-Type=[application/json;charset=UTF-8]}
     Content type = application/json;charset=UTF-8
             Body = {"code":"ANS-001","message":"Entered answer uuid does not exist","root_cause":null}
    Forwarded URL = null
   Redirected URL = null
          Cookies = []

MockHttpServletRequest:
      HTTP Method = GET
      Request URI = /answer/all/database_question_uuid
       Parameters = {}
          Headers = {authorization=[non_existing_access_token]}
             Body = null
    Session Attrs = {}

Handler:
             Type = com.upgrad.quora.api.controller.AnswerController
           Method = public org.springframework.http.ResponseEntity<java.util.List<com.upgrad.quora.api.model.AnswerDetailsResponse>> com.upgrad.quora.api.controller.AnswerController.getAllAnswersToQuestion(java.lang.String,java.lang.String) throws com.upgrad.quora.service.exception.AuthorizationFailedException,com.upgrad.quora.service.exception.InvalidQuestionException

Async:
    Async started = false
     Async result = null

Resolved Exception:
             Type = com.upgrad.quora.service.exception.AuthorizationFailedException

ModelAndView:
        View name = null
             View = null
            Model = null

FlashMap:
       Attributes = null

MockHttpServletResponse:
           Status = 403
    Error message = null
          Headers = {Content-Type=[application/json;charset=UTF-8]}
     Content type = application/json;charset=UTF-8
             Body = {"code":"ATHR-001","message":"User has not signed in","root_cause":null}
    Forwarded URL = null
   Redirected URL = null
          Cookies = []

MockHttpServletRequest:
      HTTP Method = PUT
      Request URI = /answer/edit/database_answer_uuid
       Parameters = {content=[edited_answer]}
          Headers = {Content-Type=[application/json;charset=UTF-8], authorization=[database_accesstoken]}
             Body = null
    Session Attrs = {}

Handler:
             Type = com.upgrad.quora.api.controller.AnswerController
           Method = public org.springframework.http.ResponseEntity<com.upgrad.quora.api.model.AnswerResponse> com.upgrad.quora.api.controller.AnswerController.editAnswerContent(java.lang.String,java.lang.String,com.upgrad.quora.api.model.AnswerEditRequest) throws com.upgrad.quora.service.exception.AuthorizationFailedException,com.upgrad.quora.service.exception.AnswerNotFoundException

Async:
    Async started = false
     Async result = null

Resolved Exception:
             Type = null

ModelAndView:
        View name = null
             View = null
            Model = null

FlashMap:
       Attributes = null

MockHttpServletResponse:
           Status = 200
    Error message = null
          Headers = {Content-Type=[application/json;charset=UTF-8]}
     Content type = application/json;charset=UTF-8
             Body = {"id":"database_answer_uuid","status":"ANSWER EDITED"}
    Forwarded URL = null
   Redirected URL = null
          Cookies = []
]]></system-out>
  </testcase>
  <testcase name="editAnswerWithSignedOutUser" classname="com.upgrad.quora.api.controller.AnswerControllerTest" time="0.338">
    <error message="Request processing failed; nested exception is org.springframework.dao.IncorrectResultSizeDataAccessException: query did not return a unique result: 2; nested exception is javax.persistence.NonUniqueResultException: query did not return a unique result: 2" type="org.springframework.web.util.NestedServletException">org.springframework.web.util.NestedServletException: Request processing failed; nested exception is org.springframework.dao.IncorrectResultSizeDataAccessException: query did not return a unique result: 2; nested exception is javax.persistence.NonUniqueResultException: query did not return a unique result: 2
	at com.upgrad.quora.api.controller.AnswerControllerTest.editAnswerWithSignedOutUser(AnswerControllerTest.java:62)
Caused by: org.springframework.dao.IncorrectResultSizeDataAccessException: query did not return a unique result: 2; nested exception is javax.persistence.NonUniqueResultException: query did not return a unique result: 2
	at com.upgrad.quora.api.controller.AnswerControllerTest.editAnswerWithSignedOutUser(AnswerControllerTest.java:62)
Caused by: javax.persistence.NonUniqueResultException: query did not return a unique result: 2
	at com.upgrad.quora.api.controller.AnswerControllerTest.editAnswerWithSignedOutUser(AnswerControllerTest.java:62)
</error>
    <system-out><![CDATA[
MockHttpServletRequest:
      HTTP Method = DELETE
      Request URI = /admin/user/database_uuid4
       Parameters = {}
          Headers = {authorization=[database_accesstoken1]}
             Body = null
    Session Attrs = {}

Handler:
             Type = com.upgrad.quora.api.controller.AdminController
           Method = public org.springframework.http.ResponseEntity<com.upgrad.quora.api.model.UserDeleteResponse> com.upgrad.quora.api.controller.AdminController.userDelete(java.lang.String,java.lang.String) throws com.upgrad.quora.service.exception.AuthorizationFailedException,com.upgrad.quora.service.exception.UserNotFoundException

Async:
    Async started = false
     Async result = null

Resolved Exception:
             Type = com.upgrad.quora.service.exception.AuthorizationFailedException

ModelAndView:
        View name = null
             View = null
            Model = null

FlashMap:
       Attributes = null

MockHttpServletResponse:
           Status = 403
    Error message = null
          Headers = {Content-Type=[application/json;charset=UTF-8]}
     Content type = application/json;charset=UTF-8
             Body = {"code":"ATHR-003","message":"Unauthorized Access, Entered user is not an admin","root_cause":null}
    Forwarded URL = null
   Redirected URL = null
          Cookies = []

MockHttpServletRequest:
      HTTP Method = DELETE
      Request URI = /admin/user/database_uuid4
       Parameters = {}
          Headers = {authorization=[non_existing_access_token]}
             Body = null
    Session Attrs = {}

Handler:
             Type = com.upgrad.quora.api.controller.AdminController
           Method = public org.springframework.http.ResponseEntity<com.upgrad.quora.api.model.UserDeleteResponse> com.upgrad.quora.api.controller.AdminController.userDelete(java.lang.String,java.lang.String) throws com.upgrad.quora.service.exception.AuthorizationFailedException,com.upgrad.quora.service.exception.UserNotFoundException

Async:
    Async started = false
     Async result = null

Resolved Exception:
             Type = com.upgrad.quora.service.exception.AuthorizationFailedException

ModelAndView:
        View name = null
             View = null
            Model = null

FlashMap:
       Attributes = null

MockHttpServletResponse:
           Status = 403
    Error message = null
          Headers = {Content-Type=[application/json;charset=UTF-8]}
     Content type = application/json;charset=UTF-8
             Body = {"code":"ATHR-001","message":"User has not signed in","root_cause":null}
    Forwarded URL = null
   Redirected URL = null
          Cookies = []

MockHttpServletRequest:
      HTTP Method = DELETE
      Request URI = /admin/user/non_existing_user_uuid
       Parameters = {}
          Headers = {authorization=[database_accesstoken]}
             Body = null
    Session Attrs = {}

Handler:
             Type = com.upgrad.quora.api.controller.AdminController
           Method = public org.springframework.http.ResponseEntity<com.upgrad.quora.api.model.UserDeleteResponse> com.upgrad.quora.api.controller.AdminController.userDelete(java.lang.String,java.lang.String) throws com.upgrad.quora.service.exception.AuthorizationFailedException,com.upgrad.quora.service.exception.UserNotFoundException

Async:
    Async started = false
     Async result = null

Resolved Exception:
             Type = com.upgrad.quora.service.exception.UserNotFoundException

ModelAndView:
        View name = null
             View = null
            Model = null

FlashMap:
       Attributes = null

MockHttpServletResponse:
           Status = 404
    Error message = null
          Headers = {Content-Type=[application/json;charset=UTF-8]}
     Content type = application/json;charset=UTF-8
             Body = {"code":"USR-001","message":"User with entered uuid to be deleted does not exist","root_cause":null}
    Forwarded URL = null
   Redirected URL = null
          Cookies = []

MockHttpServletRequest:
      HTTP Method = DELETE
      Request URI = /answer/delete/database_answer_uuid
       Parameters = {}
          Headers = {authorization=[non_existing_access_token]}
             Body = null
    Session Attrs = {}

Handler:
             Type = com.upgrad.quora.api.controller.AnswerController
           Method = public org.springframework.http.ResponseEntity<com.upgrad.quora.api.model.AnswerResponse> com.upgrad.quora.api.controller.AnswerController.deleteAnswer(java.lang.String,java.lang.String) throws com.upgrad.quora.service.exception.AuthorizationFailedException,com.upgrad.quora.service.exception.AnswerNotFoundException

Async:
    Async started = false
     Async result = null

Resolved Exception:
             Type = com.upgrad.quora.service.exception.AuthorizationFailedException

ModelAndView:
        View name = null
             View = null
            Model = null

FlashMap:
       Attributes = null

MockHttpServletResponse:
           Status = 403
    Error message = null
          Headers = {Content-Type=[application/json;charset=UTF-8]}
     Content type = application/json;charset=UTF-8
             Body = {"code":"ATHR-001","message":"User has not signed in","root_cause":null}
    Forwarded URL = null
   Redirected URL = null
          Cookies = []

MockHttpServletRequest:
      HTTP Method = GET
      Request URI = /answer/all/non_existing_question_uuid
       Parameters = {}
          Headers = {authorization=[database_accesstoken]}
             Body = null
    Session Attrs = {}

Handler:
             Type = com.upgrad.quora.api.controller.AnswerController
           Method = public org.springframework.http.ResponseEntity<java.util.List<com.upgrad.quora.api.model.AnswerDetailsResponse>> com.upgrad.quora.api.controller.AnswerController.getAllAnswersToQuestion(java.lang.String,java.lang.String) throws com.upgrad.quora.service.exception.AuthorizationFailedException,com.upgrad.quora.service.exception.InvalidQuestionException

Async:
    Async started = false
     Async result = null

Resolved Exception:
             Type = com.upgrad.quora.service.exception.InvalidQuestionException

ModelAndView:
        View name = null
             View = null
            Model = null

FlashMap:
       Attributes = null

MockHttpServletResponse:
           Status = 404
    Error message = null
          Headers = {Content-Type=[application/json;charset=UTF-8]}
     Content type = application/json;charset=UTF-8
             Body = {"code":"QUES-001","message":"The question with entered uuid whose details are to be seen does not exist","root_cause":null}
    Forwarded URL = null
   Redirected URL = null
          Cookies = []

MockHttpServletRequest:
      HTTP Method = GET
      Request URI = /answer/all/database_question_uuid
       Parameters = {}
          Headers = {authorization=[database_accesstoken3]}
             Body = null
    Session Attrs = {}

Handler:
             Type = com.upgrad.quora.api.controller.AnswerController
           Method = public org.springframework.http.ResponseEntity<java.util.List<com.upgrad.quora.api.model.AnswerDetailsResponse>> com.upgrad.quora.api.controller.AnswerController.getAllAnswersToQuestion(java.lang.String,java.lang.String) throws com.upgrad.quora.service.exception.AuthorizationFailedException,com.upgrad.quora.service.exception.InvalidQuestionException

Async:
    Async started = false
     Async result = null

Resolved Exception:
             Type = com.upgrad.quora.service.exception.AuthorizationFailedException

ModelAndView:
        View name = null
             View = null
            Model = null

FlashMap:
       Attributes = null

MockHttpServletResponse:
           Status = 403
    Error message = null
          Headers = {Content-Type=[application/json;charset=UTF-8]}
     Content type = application/json;charset=UTF-8
             Body = {"code":"ATHR-002","message":"User is signed out.Sign in first to delete an answer","root_cause":null}
    Forwarded URL = null
   Redirected URL = null
          Cookies = []

MockHttpServletRequest:
      HTTP Method = PUT
      Request URI = /answer/edit/database_answer_uuid
       Parameters = {content=[edited_answer]}
          Headers = {Content-Type=[application/json;charset=UTF-8], authorization=[non_existing_access_token]}
             Body = null
    Session Attrs = {}

Handler:
             Type = com.upgrad.quora.api.controller.AnswerController
           Method = public org.springframework.http.ResponseEntity<com.upgrad.quora.api.model.AnswerResponse> com.upgrad.quora.api.controller.AnswerController.editAnswerContent(java.lang.String,java.lang.String,com.upgrad.quora.api.model.AnswerEditRequest) throws com.upgrad.quora.service.exception.AuthorizationFailedException,com.upgrad.quora.service.exception.AnswerNotFoundException

Async:
    Async started = false
     Async result = null

Resolved Exception:
             Type = com.upgrad.quora.service.exception.AuthorizationFailedException

ModelAndView:
        View name = null
             View = null
            Model = null

FlashMap:
       Attributes = null

MockHttpServletResponse:
           Status = 403
    Error message = null
          Headers = {Content-Type=[application/json;charset=UTF-8]}
     Content type = application/json;charset=UTF-8
             Body = {"code":"ATHR-001","message":"User has not signed in","root_cause":null}
    Forwarded URL = null
   Redirected URL = null
          Cookies = []

MockHttpServletRequest:
      HTTP Method = DELETE
      Request URI = /answer/delete/database_answer_uuid
       Parameters = {}
          Headers = {authorization=[database_accesstoken3]}
             Body = null
    Session Attrs = {}

Handler:
             Type = com.upgrad.quora.api.controller.AnswerController
           Method = public org.springframework.http.ResponseEntity<com.upgrad.quora.api.model.AnswerResponse> com.upgrad.quora.api.controller.AnswerController.deleteAnswer(java.lang.String,java.lang.String) throws com.upgrad.quora.service.exception.AuthorizationFailedException,com.upgrad.quora.service.exception.AnswerNotFoundException

Async:
    Async started = false
     Async result = null

Resolved Exception:
             Type = com.upgrad.quora.service.exception.AuthorizationFailedException

ModelAndView:
        View name = null
             View = null
            Model = null

FlashMap:
       Attributes = null

MockHttpServletResponse:
           Status = 403
    Error message = null
          Headers = {Content-Type=[application/json;charset=UTF-8]}
     Content type = application/json;charset=UTF-8
             Body = {"code":"ATHR-002","message":"User is signed out.Sign in first to delete an answer","root_cause":null}
    Forwarded URL = null
   Redirected URL = null
          Cookies = []

MockHttpServletRequest:
      HTTP Method = POST
      Request URI = /question/non_existing_question_uuid/answer/create
       Parameters = {answer=[my_answer]}
          Headers = {Content-Type=[application/json;charset=UTF-8], authorization=[database_accesstoken]}
             Body = null
    Session Attrs = {}

Handler:
             Type = com.upgrad.quora.api.controller.AnswerController
           Method = public org.springframework.http.ResponseEntity<com.upgrad.quora.api.model.AnswerResponse> com.upgrad.quora.api.controller.AnswerController.createAnswer(java.lang.String,java.lang.String,com.upgrad.quora.api.model.AnswerRequest) throws com.upgrad.quora.service.exception.AuthorizationFailedException,com.upgrad.quora.service.exception.InvalidQuestionException

Async:
    Async started = false
     Async result = null

Resolved Exception:
             Type = com.upgrad.quora.service.exception.InvalidQuestionException

ModelAndView:
        View name = null
             View = null
            Model = null

FlashMap:
       Attributes = null

MockHttpServletResponse:
           Status = 404
    Error message = null
          Headers = {Content-Type=[application/json;charset=UTF-8]}
     Content type = application/json;charset=UTF-8
             Body = {"code":"QUES-001","message":"The question entered is invalid","root_cause":null}
    Forwarded URL = null
   Redirected URL = null
          Cookies = []

MockHttpServletRequest:
      HTTP Method = DELETE
      Request URI = /answer/delete/database_answer_uuid
       Parameters = {}
          Headers = {authorization=[database_accesstoken2]}
             Body = null
    Session Attrs = {}

Handler:
             Type = com.upgrad.quora.api.controller.AnswerController
           Method = public org.springframework.http.ResponseEntity<com.upgrad.quora.api.model.AnswerResponse> com.upgrad.quora.api.controller.AnswerController.deleteAnswer(java.lang.String,java.lang.String) throws com.upgrad.quora.service.exception.AuthorizationFailedException,com.upgrad.quora.service.exception.AnswerNotFoundException

Async:
    Async started = false
     Async result = null

Resolved Exception:
             Type = com.upgrad.quora.service.exception.AuthorizationFailedException

ModelAndView:
        View name = null
             View = null
            Model = null

FlashMap:
       Attributes = null

MockHttpServletResponse:
           Status = 403
    Error message = null
          Headers = {Content-Type=[application/json;charset=UTF-8]}
     Content type = application/json;charset=UTF-8
             Body = {"code":"ATHR-003","message":"Only the answer owner or admin can delete the answer","root_cause":null}
    Forwarded URL = null
   Redirected URL = null
          Cookies = []

MockHttpServletRequest:
      HTTP Method = DELETE
      Request URI = /answer/delete/non_existing_answer_uuid
       Parameters = {}
          Headers = {authorization=[database_accesstoken1]}
             Body = null
    Session Attrs = {}

Handler:
             Type = com.upgrad.quora.api.controller.AnswerController
           Method = public org.springframework.http.ResponseEntity<com.upgrad.quora.api.model.AnswerResponse> com.upgrad.quora.api.controller.AnswerController.deleteAnswer(java.lang.String,java.lang.String) throws com.upgrad.quora.service.exception.AuthorizationFailedException,com.upgrad.quora.service.exception.AnswerNotFoundException

Async:
    Async started = false
     Async result = null

Resolved Exception:
             Type = com.upgrad.quora.service.exception.AnswerNotFoundException

ModelAndView:
        View name = null
             View = null
            Model = null

FlashMap:
       Attributes = null

MockHttpServletResponse:
           Status = 404
    Error message = null
          Headers = {Content-Type=[application/json;charset=UTF-8]}
     Content type = application/json;charset=UTF-8
             Body = {"code":"ANS-001","message":"Entered answer uuid does not exist","root_cause":null}
    Forwarded URL = null
   Redirected URL = null
          Cookies = []

MockHttpServletRequest:
      HTTP Method = GET
      Request URI = /answer/all/database_question_uuid
       Parameters = {}
          Headers = {authorization=[non_existing_access_token]}
             Body = null
    Session Attrs = {}

Handler:
             Type = com.upgrad.quora.api.controller.AnswerController
           Method = public org.springframework.http.ResponseEntity<java.util.List<com.upgrad.quora.api.model.AnswerDetailsResponse>> com.upgrad.quora.api.controller.AnswerController.getAllAnswersToQuestion(java.lang.String,java.lang.String) throws com.upgrad.quora.service.exception.AuthorizationFailedException,com.upgrad.quora.service.exception.InvalidQuestionException

Async:
    Async started = false
     Async result = null

Resolved Exception:
             Type = com.upgrad.quora.service.exception.AuthorizationFailedException

ModelAndView:
        View name = null
             View = null
            Model = null

FlashMap:
       Attributes = null

MockHttpServletResponse:
           Status = 403
    Error message = null
          Headers = {Content-Type=[application/json;charset=UTF-8]}
     Content type = application/json;charset=UTF-8
             Body = {"code":"ATHR-001","message":"User has not signed in","root_cause":null}
    Forwarded URL = null
   Redirected URL = null
          Cookies = []

MockHttpServletRequest:
      HTTP Method = PUT
      Request URI = /answer/edit/database_answer_uuid
       Parameters = {content=[edited_answer]}
          Headers = {Content-Type=[application/json;charset=UTF-8], authorization=[database_accesstoken]}
             Body = null
    Session Attrs = {}

Handler:
             Type = com.upgrad.quora.api.controller.AnswerController
           Method = public org.springframework.http.ResponseEntity<com.upgrad.quora.api.model.AnswerResponse> com.upgrad.quora.api.controller.AnswerController.editAnswerContent(java.lang.String,java.lang.String,com.upgrad.quora.api.model.AnswerEditRequest) throws com.upgrad.quora.service.exception.AuthorizationFailedException,com.upgrad.quora.service.exception.AnswerNotFoundException

Async:
    Async started = false
     Async result = null

Resolved Exception:
             Type = null

ModelAndView:
        View name = null
             View = null
            Model = null

FlashMap:
       Attributes = null

MockHttpServletResponse:
           Status = 200
    Error message = null
          Headers = {Content-Type=[application/json;charset=UTF-8]}
     Content type = application/json;charset=UTF-8
             Body = {"id":"database_answer_uuid","status":"ANSWER EDITED"}
    Forwarded URL = null
   Redirected URL = null
          Cookies = []
]]></system-out>
  </testcase>
  <testcase name="createAnswerWithNonExistingAccessToken" classname="com.upgrad.quora.api.controller.AnswerControllerTest" time="0"/>
  <testcase name="createAnswerWithSignedOutUser" classname="com.upgrad.quora.api.controller.AnswerControllerTest" time="0"/>
  <testcase name="editNonExistingAnswer" classname="com.upgrad.quora.api.controller.AnswerControllerTest" time="0"/>
</testsuite>